C51 COMPILER V9.54   KEYBOARD                                                              02/27/2023 20:31:34 PAGE 1   


C51 COMPILER V9.54, COMPILATION OF MODULE KEYBOARD
OBJECT MODULE PLACED IN .\Objects\Keyboard.obj
COMPILER INVOKED BY: D:\Keil5\Keil5 C51\C51\BIN\C51.EXE Keyboard.c OPTIMIZE(8,SPEED) BROWSE DEBUG OBJECTEXTEND PRINT(.\L
                    -istings\Keyboard.lst) TABS(2) OBJECT(.\Objects\Keyboard.obj)

line level    source

   1          #include <REGX52.H>
   2          #include "tool.h"
   3          
   4          /** 4x4ç‚¹é˜µé”®ç›˜æ¨¡å—åŒ–
   5            * @brief  çŸ©é˜µé”®ç›˜è¯»å–æŒ‰é”®é”®ç 
   6            * @param  æ— 
   7            * @retval KeyNumber æŒ‰ä¸‹æŒ‰é”®çš„é”®ç å€¼
   8                å¦‚æœæŒ‰é”®æŒ‰ä¸‹ä¸æ”¾ï¼Œç¨‹åºä¼šåœç•™åœ¨æ­¤å‡½æ•°ï¼Œæ¾æ‰‹çš„ä¸€ç¬é—´ï¼Œè¿”å›æŒ‰é”®é”®ç ï¼Œæ²¡æ
             -œ‰æŒ‰é”®æŒ‰ä¸‹æ—¶ï¼Œè¿”å›0
   9            @explain P1_0 ~ P1_3ç«¯æ˜¯è¾“å…¥ä½ç”µå¹³ï¼ŒP1_7 ~ P1_4ç«¯æ˜¯æ¥æ”¶ä½ç”µå¹³ï¼Œé€šè¿‡æŒ‰ä¸‹æŒ‰é”®ä½œä¸ºæ
             -¡ä»¶
  10                 P1 = 0xFF ä½¿P1_0 ~ P1_7å…¨ä¸ºé«˜ç”µå¹³ï¼ŒDelayå‡½æ•°æ¶ˆé™¤æŒ‰é”®å‰åå½±å“
  11            */
  12          
  13          
  14          unsigned char BigKey()
  15          {
  16   1        unsigned char KeyNumber=0;
  17   1        
  18   1        P1=0xFF;
  19   1        P1_3=0;
  20   1        if(P1_7==0){Delay(20);while(P1_7==0);Delay(20);KeyNumber=1;}
  21   1        if(P1_6==0){Delay(20);while(P1_6==0);Delay(20);KeyNumber=5;}
  22   1        if(P1_5==0){Delay(20);while(P1_5==0);Delay(20);KeyNumber=9;}
  23   1        if(P1_4==0){Delay(20);while(P1_4==0);Delay(20);KeyNumber=13;}
  24   1        
  25   1        P1=0xFF;
  26   1        P1_2=0;
  27   1        if(P1_7==0){Delay(20);while(P1_7==0);Delay(20);KeyNumber=2;}
  28   1        if(P1_6==0){Delay(20);while(P1_6==0);Delay(20);KeyNumber=6;}
  29   1        if(P1_5==0){Delay(20);while(P1_5==0);Delay(20);KeyNumber=10;}
  30   1        if(P1_4==0){Delay(20);while(P1_4==0);Delay(20);KeyNumber=14;}
  31   1        
  32   1        P1=0xFF;
  33   1        P1_1=0;
  34   1        if(P1_7==0){Delay(20);while(P1_7==0);Delay(20);KeyNumber=3;}
  35   1        if(P1_6==0){Delay(20);while(P1_6==0);Delay(20);KeyNumber=7;}
  36   1        if(P1_5==0){Delay(20);while(P1_5==0);Delay(20);KeyNumber=11;}
  37   1        if(P1_4==0){Delay(20);while(P1_4==0);Delay(20);KeyNumber=15;}
  38   1        
  39   1        P1=0xFF;
  40   1        P1_0=0;
  41   1        if(P1_7==0){Delay(20);while(P1_7==0);Delay(20);KeyNumber=4;}
  42   1        if(P1_6==0){Delay(20);while(P1_6==0);Delay(20);KeyNumber=8;}
  43   1        if(P1_5==0){Delay(20);while(P1_5==0);Delay(20);KeyNumber=12;}
  44   1        if(P1_4==0){Delay(20);while(P1_4==0);Delay(20);KeyNumber=16;}
  45   1        
  46   1        return KeyNumber;
  47   1      }
  48          
  49          
  50          
  51          /** 4é”®é”®ç›˜æ¨¡å—åŒ–
  52            * @brief  çŸ©é˜µé”®ç›˜è¯»å–æŒ‰é”®é”®ç 
C51 COMPILER V9.54   KEYBOARD                                                              02/27/2023 20:31:34 PAGE 2   

  53            * @param  æ— 
  54            * @retval KeyNumber æŒ‰ä¸‹æŒ‰é”®çš„é”®ç å€¼
  55                å¦‚æœæŒ‰é”®æŒ‰ä¸‹ä¸æ”¾ï¼Œç¨‹åºä¼šåœç•™åœ¨æ­¤å‡½æ•°ï¼Œæ¾æ‰‹çš„ä¸€ç¬é—´ï¼Œè¿”å›æŒ‰é”®é”®ç ï¼Œæ²¡æ
             -œ‰æŒ‰é”®æŒ‰ä¸‹æ—¶ï¼Œè¿”å›0
  56            @explain è¾“å…¥ä½ç”µå¹³ä¸ºæ¥åœ°ç«¯ï¼ŒP3_0 ~ P3_3ç«¯æ˜¯æ¥æ”¶ä½ç”µå¹³ï¼Œé€šè¿‡æŒ‰ä¸‹æŒ‰é”®ä½œä¸ºæ¡ä»¶ï
             -¼ŒDelayå‡½æ•°æ¶ˆé™¤æŒ‰é”®å‰åå½±å“
  57            */
  58          
  59          unsigned char SmallKey()
  60          {
  61   1        unsigned char KeyNumber = 0;
  62   1        if(P3_1 == 0){Delay(20);while(P3_1==0);Delay(20);KeyNumber = 1;}
  63   1        if(P3_0 == 0){Delay(20);while(P3_0==0);Delay(20);KeyNumber = 2;}
  64   1        if(P3_2 == 0){Delay(20);while(P3_2==0);Delay(20);KeyNumber = 3;}
  65   1        if(P3_3 == 0){Delay(20);while(P3_3==0);Delay(20);KeyNumber = 4;}
  66   1        
  67   1        
  68   1        return KeyNumber;
  69   1      }


MODULE INFORMATION:   STATIC OVERLAYABLE
   CODE SIZE        =    490    ----
   CONSTANT SIZE    =   ----    ----
   XDATA SIZE       =   ----    ----
   PDATA SIZE       =   ----    ----
   DATA SIZE        =   ----       2
   IDATA SIZE       =   ----    ----
   BIT SIZE         =   ----    ----
END OF MODULE INFORMATION.


C51 COMPILATION COMPLETE.  0 WARNING(S),  0 ERROR(S)
