C51 COMPILER V9.54   MAIN                                                                  01/10/2023 17:31:08 PAGE 1   


C51 COMPILER V9.54, COMPILATION OF MODULE MAIN
OBJECT MODULE PLACED IN .\Objects\main.obj
COMPILER INVOKED BY: D:\硬件\Keil5 C51\C51\BIN\C51.EXE main.c OPTIMIZE(8,SPEED) BROWSE DEBUG OBJECTEXTEND PRINT(.\Listin
                    -gs\main.lst) TABS(2) OBJECT(.\Objects\main.obj)

line level    source

   1          #include <regx52.h>
   2          
   3          void Delay(unsigned int xms)    //@12.000MHz
   4          {
   5   1        unsigned char i, j;
   6   1        while(xms)
   7   1        {
   8   2          i = 2;
   9   2          j = 239;
  10   2          do
  11   2          {
  12   3            while (--j);
  13   3          }while (--i);
  14   2          xms--;
  15   2        }
  16   1        
  17   1      }
  18          
  19          unsigned char LEDNum;
  20          
  21          void main()
  22          {
  23   1          while(1)
  24   1          {
  25   2            if(P3_0 == 0)
  26   2            {
  27   3              Delay(20);
  28   3              while(P3_1==0);
  29   3              Delay(20);
  30   3              LEDNum++;
  31   3              if(LEDNum>=8)
  32   3                LEDNum=0;
  33   3              P2=~(0x01<<LEDNum);
  34   3              
  35   3              while(1)//检查按键是否松手
  36   3              {
  37   4                if(P3_0 == 1)
  38   4                {
  39   5                  break;
  40   5                }
  41   4              }
  42   3            }
  43   2          }
  44   1      }


MODULE INFORMATION:   STATIC OVERLAYABLE
   CODE SIZE        =     73    ----
   CONSTANT SIZE    =   ----    ----
   XDATA SIZE       =   ----    ----
   PDATA SIZE       =   ----    ----
   DATA SIZE        =      1    ----
   IDATA SIZE       =   ----    ----
   BIT SIZE         =   ----    ----
C51 COMPILER V9.54   MAIN                                                                  01/10/2023 17:31:08 PAGE 2   

END OF MODULE INFORMATION.


C51 COMPILATION COMPLETE.  0 WARNING(S),  0 ERROR(S)
