C51 COMPILER V9.54   MAIN                                                                  01/24/2023 18:25:55 PAGE 1   


C51 COMPILER V9.54, COMPILATION OF MODULE MAIN
OBJECT MODULE PLACED IN .\Objects\main.obj
COMPILER INVOKED BY: D:\硬件\Keil5 C51\C51\BIN\C51.EXE main.c OPTIMIZE(8,SPEED) BROWSE DEBUG OBJECTEXTEND PRINT(.\Listin
                    -gs\main.lst) TABS(2) OBJECT(.\Objects\main.obj)

line level    source

   1          #include <REGX52.H>
   2          
   3          sbit LED = P2^2;
   4          
   5          void Delay(unsigned int t)
   6          {
   7   1        while(t--);
   8   1      }
   9          
  10          void main()
  11          {
  12   1        unsigned char Time;
  13   1        unsigned char i;
  14   1        while(1)
  15   1        { 
  16   2          //整体为等从暗灯到亮灯
  17   2          for(Time=0;Time<100;Time++)//该for循环是等到不同状态的灯
  18   2          { 
  19   3            for(i=0;i<20;i++)//该for循环是让不同状态的灯显示时间变长
  20   3            {
  21   4              //灯亮，比灯不亮的延迟时间长，就说明该状态为"亮灯"，反之则是"暗灯"
  22   4              LED = 0;
  23   4              Delay(Time);
  24   4              LED = 1;
  25   4              Delay(100-Time);
  26   4            }
  27   3          }
  28   2          //整体为等从亮灯到暗灯
  29   2          for(Time=100;Time>0;Time--)
  30   2          { 
  31   3            for(i=0;i<20;i++)
  32   3            {
  33   4              LED = 0;
  34   4              Delay(Time);
  35   4              LED = 1;
  36   4              Delay(100-Time);
  37   4            }
  38   3          }
  39   2        }
  40   1      }
  41          


MODULE INFORMATION:   STATIC OVERLAYABLE
   CODE SIZE        =     68    ----
   CONSTANT SIZE    =   ----    ----
   XDATA SIZE       =   ----    ----
   PDATA SIZE       =   ----    ----
   DATA SIZE        =   ----    ----
   IDATA SIZE       =   ----    ----
   BIT SIZE         =   ----    ----
END OF MODULE INFORMATION.


C51 COMPILATION COMPLETE.  0 WARNING(S),  0 ERROR(S)
